<?xml version="1.0" encoding="UTF-8"?>
<!-- Generated by org.testng.reporters.JUnitXMLReporter -->
<testsuite ignored="2" hostname="DESKTOP-J0HNUMU" failures="0" tests="0" time="0.005" errors="0" timestamp="2025-02-07T00:57:58 IST">
  <testcase classname="rahulshettyacademy.Tests.Class2B_ErrorValidaionTest" name="productErrorValidation" time="0.0">
    <ignored/>
  </testcase> <!-- productErrorValidation -->
  <testcase classname="rahulshettyacademy.Tests.Class2B_ErrorValidaionTest" name="loginErrorValidation" time="0.0">
    <ignored/>
  </testcase> <!-- loginErrorValidation -->
</testsuite>
