<?xml version="1.0" encoding="UTF-8"?>
<!-- Generated by org.testng.reporters.JUnitXMLReporter -->
<testsuite ignored="1" hostname="DESKTOP-J0HNUMU" failures="0" tests="2" name="Submit Order Test" time="24.716" errors="0" timestamp="2025-02-07T00:57:58 IST">
  <testcase classname="rahulshettyacademy.Tests.Class2B_SubmitOrderTest" name="orderSubmit" time="5.865"/>
  <testcase classname="rahulshettyacademy.Tests.Class2B_SubmitOrderTest" name="orderSubmit" time="5.431"/>
  <testcase classname="rahulshettyacademy.Tests.Class2B_SubmitOrderTest" name="yourOrdersHostory" time="0.0">
    <ignored/>
  </testcase> <!-- yourOrdersHostory -->
</testsuite> <!-- Submit Order Test -->
