<?xml version="1.0" encoding="UTF-8"?>
<!-- Generated by org.testng.reporters.JUnitXMLReporter -->
<testsuite ignored="0" hostname="DESKTOP-J0HNUMU" failures="1" tests="3" name="Error Validation Test" time="40.254" errors="0" timestamp="2024-12-30T01:06:27 IST">
  <testcase classname="rahulshettyacademy.Tests.Class2B_ErrorValidaionTest" name="loginErrorValidation" time="0.829">
    <skipped/>
  </testcase> <!-- loginErrorValidation -->
  <testcase classname="rahulshettyacademy.Tests.Class2B_ErrorValidaionTest" name="loginErrorValidation" time="0.675">
    <failure type="java.lang.AssertionError" message="expected:&amp;lt;Incorrect email or password.&amp;gt; but was:&amp;lt;Incorrect email or@ password.&amp;gt;">
      <![CDATA[java.lang.AssertionError: expected:<Incorrect email or password.> but was:<Incorrect email or@ password.>
at rahulshettyacademy.Tests.Class2B_ErrorValidaionTest.loginErrorValidation(Class2B_ErrorValidaionTest.java:51)
at java.base/java.util.ArrayList.forEach(ArrayList.java:1596)
at java.base/java.util.concurrent.FutureTask.run(FutureTask.java:317)
at java.base/java.util.concurrent.ThreadPoolExecutor.runWorker(ThreadPoolExecutor.java:1144)
at java.base/java.util.concurrent.ThreadPoolExecutor$Worker.run(ThreadPoolExecutor.java:642)
at java.base/java.lang.Thread.run(Thread.java:1583)
... Removed 17 stack frames]]>
    </failure>
  </testcase> <!-- loginErrorValidation -->
  <testcase classname="rahulshettyacademy.Tests.Class2B_ErrorValidaionTest" name="productErrorValidation" time="10.797"/>
</testsuite> <!-- Error Validation Test -->
