<?xml version="1.0" encoding="UTF-8"?>
<!-- Generated by org.testng.reporters.JUnitXMLReporter -->
<testsuite ignored="0" hostname="DESKTOP-J0HNUMU" failures="0" tests="3" name="Submit Order Test" time="49.085" errors="0" timestamp="2024-12-30T01:06:35 IST">
  <testcase classname="rahulshettyacademy.Tests.Class2B_SubmitOrderTest" name="orderSubmit" time="11.177"/>
  <testcase classname="rahulshettyacademy.Tests.Class2B_SubmitOrderTest" name="orderSubmit" time="12.139"/>
  <testcase classname="rahulshettyacademy.Tests.Class2B_SubmitOrderTest" name="yourOrdersHostory" time="1.296"/>
</testsuite> <!-- Submit Order Test -->
